<?xml version="1.0" encoding="UTF-8"?>
<!-- Generated by org.testng.reporters.JUnitReportReporter -->
<testsuite skipped="0" hostname="RajikaPC" name="com.ebay.homepage.testsOnLoginPage" tests="2" failures="0" timestamp="23 Jan 2019 05:12:00 GMT" time="25.495" errors="0">
  <testcase name="login" time="15.882" classname="com.ebay.homepage.testsOnLoginPage"/>
  <testcase name="login" time="9.613" classname="com.ebay.homepage.testsOnLoginPage"/>
</testsuite> <!-- com.ebay.homepage.testsOnLoginPage -->
