<?xml version="1.0" encoding="UTF-8"?>
<!-- Generated by org.testng.reporters.JUnitReportReporter -->
<testsuite skipped="0" hostname="RajikaPC" name="com.ebay.homepage.TestsOnLoginPage" tests="2" failures="0" timestamp="25 Jan 2019 01:50:55 GMT" time="24.866" errors="0">
  <testcase name="login" time="14.043" classname="com.ebay.homepage.TestsOnLoginPage"/>
  <testcase name="login" time="10.823" classname="com.ebay.homepage.TestsOnLoginPage"/>
</testsuite> <!-- com.ebay.homepage.TestsOnLoginPage -->
